<?xml version="1.0" encoding="UTF-8"?>
<!-- Generated by org.testng.reporters.JUnitReportReporter -->
<testsuite hostname="maxqa" name="gfdg.gfdgt.tt.SampleTestNgTest" tests="1" failures="0" timestamp="26 Aug 2014 14:41:57 GMT" time="3.959" errors="0">
  <testcase name="testHomePageHasAHeader" time="3.959" classname="gfdg.gfdgt.tt.SampleTestNgTest"/>
</testsuite> <!-- gfdg.gfdgt.tt.SampleTestNgTest -->
